2018-06-04 19:17:32.650  INFO 16956 --- [main] c.hfz.hfzadmin.HfzadminApplicationTests  : No active profile set, falling back to default profiles: default
2018-06-04 19:17:32.685  INFO 16956 --- [main] o.s.w.c.s.GenericWebApplicationContext   : Refreshing org.springframework.web.context.support.GenericWebApplicationContext@70ab80e3: startup date [Mon Jun 04 19:17:32 CST 2018]; parent: org.springframework.context.annotation.AnnotationConfigApplicationContext@1b66c0fb
2018-06-04 19:17:36.244  INFO 16956 --- [main] o.s.b.f.s.DefaultListableBeanFactory     : Overriding bean definition for bean 'counterFactory' with a different definition: replacing [Root bean: class [null]; scope=; abstract=false; lazyInit=false; autowireMode=3; dependencyCheck=0; autowireCandidate=true; primary=false; factoryBeanName=org.springframework.cloud.netflix.zuul.ZuulServerAutoConfiguration$ZuulMetricsConfiguration; factoryMethodName=counterFactory; initMethodName=null; destroyMethodName=(inferred); defined in class path resource [org/springframework/cloud/netflix/zuul/ZuulServerAutoConfiguration$ZuulMetricsConfiguration.class]] with [Root bean: class [null]; scope=; abstract=false; lazyInit=false; autowireMode=3; dependencyCheck=0; autowireCandidate=true; primary=false; factoryBeanName=org.springframework.cloud.netflix.zuul.ZuulServerAutoConfiguration$ZuulCounterFactoryConfiguration; factoryMethodName=counterFactory; initMethodName=null; destroyMethodName=(inferred); defined in class path resource [org/springframework/cloud/netflix/zuul/ZuulServerAutoConfiguration$ZuulCounterFactoryConfiguration.class]]
2018-06-04 19:17:36.404  INFO 16956 --- [main] o.s.b.f.s.DefaultListableBeanFactory     : Overriding bean definition for bean 'zuulController' with a different definition: replacing [Root bean: class [null]; scope=; abstract=false; lazyInit=false; autowireMode=3; dependencyCheck=0; autowireCandidate=true; primary=false; factoryBeanName=org.springframework.cloud.netflix.zuul.ZuulServerAutoConfiguration; factoryMethodName=zuulController; initMethodName=null; destroyMethodName=(inferred); defined in class path resource [org/springframework/cloud/netflix/zuul/ZuulServerAutoConfiguration.class]] with [Root bean: class [null]; scope=; abstract=false; lazyInit=false; autowireMode=3; dependencyCheck=0; autowireCandidate=true; primary=false; factoryBeanName=de.codecentric.boot.admin.config.RevereseZuulProxyConfiguration; factoryMethodName=zuulController; initMethodName=null; destroyMethodName=(inferred); defined in class path resource [de/codecentric/boot/admin/config/RevereseZuulProxyConfiguration.class]]
2018-06-04 19:17:36.406  INFO 16956 --- [main] o.s.b.f.s.DefaultListableBeanFactory     : Overriding bean definition for bean 'zuulRefreshRoutesListener' with a different definition: replacing [Root bean: class [null]; scope=; abstract=false; lazyInit=false; autowireMode=3; dependencyCheck=0; autowireCandidate=true; primary=false; factoryBeanName=org.springframework.cloud.netflix.zuul.ZuulServerAutoConfiguration; factoryMethodName=zuulRefreshRoutesListener; initMethodName=null; destroyMethodName=(inferred); defined in class path resource [org/springframework/cloud/netflix/zuul/ZuulServerAutoConfiguration.class]] with [Root bean: class [null]; scope=; abstract=false; lazyInit=false; autowireMode=3; dependencyCheck=0; autowireCandidate=true; primary=false; factoryBeanName=de.codecentric.boot.admin.config.RevereseZuulProxyConfiguration; factoryMethodName=zuulRefreshRoutesListener; initMethodName=null; destroyMethodName=(inferred); defined in class path resource [de/codecentric/boot/admin/config/RevereseZuulProxyConfiguration.class]]
2018-06-04 19:17:37.402  INFO 16956 --- [main] o.s.cloud.context.scope.GenericScope     : BeanFactory id=6ebd36ac-b645-3635-99a1-ffb3af267c8b
2018-06-04 19:17:37.899  INFO 16956 --- [main] f.a.AutowiredAnnotationBeanPostProcessor : JSR-330 'javax.inject.Inject' annotation found and supported for autowiring
2018-06-04 19:17:38.432  INFO 16956 --- [main] trationDelegate$BeanPostProcessorChecker : Bean 'org.springframework.cloud.netflix.metrics.MetricsInterceptorConfiguration$MetricsRestTemplateConfiguration' of type [org.springframework.cloud.netflix.metrics.MetricsInterceptorConfiguration$MetricsRestTemplateConfiguration$$EnhancerBySpringCGLIB$$e35d29e7] is not eligible for getting processed by all BeanPostProcessors (for example: not eligible for auto-proxying)
2018-06-04 19:17:40.111  INFO 16956 --- [main] trationDelegate$BeanPostProcessorChecker : Bean 'org.springframework.cloud.autoconfigure.ConfigurationPropertiesRebinderAutoConfiguration' of type [org.springframework.cloud.autoconfigure.ConfigurationPropertiesRebinderAutoConfiguration$$EnhancerBySpringCGLIB$$cd4a86a3] is not eligible for getting processed by all BeanPostProcessors (for example: not eligible for auto-proxying)
2018-06-04 19:17:41.196  INFO 16956 --- [main] o.s.ui.freemarker.SpringTemplateLoader   : SpringTemplateLoader for FreeMarker: using resource loader [org.springframework.web.context.support.GenericWebApplicationContext@70ab80e3: startup date [Mon Jun 04 19:17:32 CST 2018]; parent: org.springframework.context.annotation.AnnotationConfigApplicationContext@1b66c0fb] and template loader path [classpath:/templates/]
2018-06-04 19:17:41.198  INFO 16956 --- [main] o.s.w.s.v.f.FreeMarkerConfigurer         : ClassTemplateLoader for Spring macros added to FreeMarker configuration
2018-06-04 19:17:43.186  WARN 16956 --- [main] c.n.c.sources.URLConfigurationSource     : No URLs will be polled as dynamic configuration sources.
2018-06-04 19:17:43.187  INFO 16956 --- [main] c.n.c.sources.URLConfigurationSource     : To enable URLs as dynamic configuration sources, define System property archaius.configurationSource.additionalUrls or make config.properties available on classpath.
2018-06-04 19:17:43.211  INFO 16956 --- [main] c.netflix.config.DynamicPropertyFactory  : DynamicPropertyFactory is initialized with configuration sources: com.netflix.config.ConcurrentCompositeConfiguration@3421debd
2018-06-04 19:17:46.147  WARN 16956 --- [main] c.n.c.sources.URLConfigurationSource     : No URLs will be polled as dynamic configuration sources.
2018-06-04 19:17:46.163  INFO 16956 --- [main] c.n.c.sources.URLConfigurationSource     : To enable URLs as dynamic configuration sources, define System property archaius.configurationSource.additionalUrls or make config.properties available on classpath.
2018-06-04 19:17:46.856  INFO 16956 --- [main] o.s.b.t.m.w.SpringBootMockServletContext : jolokia: No access restrictor found, access to any MBean is allowed
2018-06-04 19:17:48.441  INFO 16956 --- [main] s.w.s.m.m.a.RequestMappingHandlerAdapter : Looking for @ControllerAdvice: org.springframework.web.context.support.GenericWebApplicationContext@70ab80e3: startup date [Mon Jun 04 19:17:32 CST 2018]; parent: org.springframework.context.annotation.AnnotationConfigApplicationContext@1b66c0fb
2018-06-04 19:17:48.997  INFO 16956 --- [main] s.w.s.m.m.a.RequestMappingHandlerMapping : Mapped "{[/hystrix/{path}]}" onto public java.lang.String org.springframework.cloud.netflix.hystrix.dashboard.HystrixDashboardController.monitor(java.lang.String,org.springframework.ui.Model,org.springframework.web.context.request.WebRequest)
2018-06-04 19:17:48.998  INFO 16956 --- [main] s.w.s.m.m.a.RequestMappingHandlerMapping : Mapped "{[/hystrix]}" onto public java.lang.String org.springframework.cloud.netflix.hystrix.dashboard.HystrixDashboardController.home(org.springframework.ui.Model,org.springframework.web.context.request.WebRequest)
2018-06-04 19:17:49.010  INFO 16956 --- [main] s.w.s.m.m.a.RequestMappingHandlerMapping : Mapped "{[/error]}" onto public org.springframework.http.ResponseEntity<java.util.Map<java.lang.String, java.lang.Object>> org.springframework.boot.autoconfigure.web.BasicErrorController.error(javax.servlet.http.HttpServletRequest)
2018-06-04 19:17:49.012  INFO 16956 --- [main] s.w.s.m.m.a.RequestMappingHandlerMapping : Mapped "{[/error],produces=[text/html]}" onto public org.springframework.web.servlet.ModelAndView org.springframework.boot.autoconfigure.web.BasicErrorController.errorHtml(javax.servlet.http.HttpServletRequest,javax.servlet.http.HttpServletResponse)
2018-06-04 19:17:49.100  INFO 16956 --- [main] s.w.s.m.m.a.RequestMappingHandlerMapping : Mapped "{[/api/turbine/clusters],methods=[GET]}" onto public java.util.Map<java.lang.String, ?> spring.boot.admin.turbine.web.TurbineController.getClusters()
2018-06-04 19:17:49.134  INFO 16956 --- [main] s.w.s.m.m.a.RequestMappingHandlerMapping : Mapped "{[/api/applications/{id}],methods=[GET]}" onto public org.springframework.http.ResponseEntity<?> de.codecentric.boot.admin.registry.web.RegistryController.get(java.lang.String)
2018-06-04 19:17:49.163  INFO 16956 --- [main] s.w.s.m.m.a.RequestMappingHandlerMapping : Mapped "{[/api/applications],methods=[POST]}" onto public org.springframework.http.ResponseEntity<de.codecentric.boot.admin.model.Application> de.codecentric.boot.admin.registry.web.RegistryController.register(de.codecentric.boot.admin.model.Application)
2018-06-04 19:17:49.165  INFO 16956 --- [main] s.w.s.m.m.a.RequestMappingHandlerMapping : Mapped "{[/api/applications/{id}],methods=[DELETE]}" onto public org.springframework.http.ResponseEntity<?> de.codecentric.boot.admin.registry.web.RegistryController.unregister(java.lang.String)
2018-06-04 19:17:49.170  INFO 16956 --- [main] s.w.s.m.m.a.RequestMappingHandlerMapping : Mapped "{[/api/applications],methods=[GET]}" onto public java.util.Collection<de.codecentric.boot.admin.model.Application> de.codecentric.boot.admin.registry.web.RegistryController.applications(java.lang.String)
2018-06-04 19:17:49.191  INFO 16956 --- [main] s.w.s.m.m.a.RequestMappingHandlerMapping : Mapped "{[/api/journal],produces=[application/json]}" onto public java.util.Collection<de.codecentric.boot.admin.event.ClientApplicationEvent> de.codecentric.boot.admin.journal.web.JournalController.getJournal()
2018-06-04 19:17:49.194  INFO 16956 --- [main] s.w.s.m.m.a.RequestMappingHandlerMapping : Mapped "{[/api/journal],produces=[text/event-stream]}" onto public org.springframework.web.servlet.mvc.method.annotation.SseEmitter de.codecentric.boot.admin.journal.web.JournalController.getJournalEvents()
2018-06-04 19:17:49.379  INFO 16956 --- [main] o.s.w.s.handler.SimpleUrlHandlerMapping  : Root mapping to handler of type [class org.springframework.web.servlet.mvc.ParameterizableViewController]
2018-06-04 19:17:49.503  WARN 16956 --- [main] o.s.w.s.r.ResourceHttpRequestHandler     : Locations list is empty. No resources will be served unless a custom ResourceResolver is configured as an alternative to PathResourceResolver.
2018-06-04 19:17:49.530  WARN 16956 --- [main] o.s.w.s.r.ResourceHttpRequestHandler     : Locations list is empty. No resources will be served unless a custom ResourceResolver is configured as an alternative to PathResourceResolver.
2018-06-04 19:17:49.537  INFO 16956 --- [main] o.s.w.s.handler.SimpleUrlHandlerMapping  : Mapped URL path [/webjars/**] onto handler of type [class org.springframework.web.servlet.resource.ResourceHttpRequestHandler]
2018-06-04 19:17:49.540  INFO 16956 --- [main] o.s.w.s.handler.SimpleUrlHandlerMapping  : Mapped URL path [/**] onto handler of type [class org.springframework.web.servlet.resource.ResourceHttpRequestHandler]
2018-06-04 19:17:49.542  INFO 16956 --- [main] o.s.w.s.handler.SimpleUrlHandlerMapping  : Mapped URL path [/all-modules.css] onto handler of type [class org.springframework.web.servlet.resource.ResourceHttpRequestHandler]
2018-06-04 19:17:49.542  INFO 16956 --- [main] o.s.w.s.handler.SimpleUrlHandlerMapping  : Mapped URL path [/all-modules.js] onto handler of type [class org.springframework.web.servlet.resource.ResourceHttpRequestHandler]
2018-06-04 19:17:50.181  INFO 16956 --- [main] o.s.w.s.handler.SimpleUrlHandlerMapping  : Mapped URL path [/**/favicon.ico] onto handler of type [class org.springframework.web.servlet.resource.ResourceHttpRequestHandler]
2018-06-04 19:17:56.350  INFO 16956 --- [main] o.s.s.web.DefaultSecurityFilterChain     : Creating filter chain: OrRequestMatcher [requestMatchers=[Ant [pattern='/css/**'], Ant [pattern='/js/**'], Ant [pattern='/images/**'], Ant [pattern='/webjars/**'], Ant [pattern='/**/favicon.ico'], Ant [pattern='/error']]], []
2018-06-04 19:18:02.071  INFO 16956 --- [main] o.s.b.a.e.mvc.EndpointHandlerMapping     : Mapped "{[/configprops || /configprops.json],methods=[GET],produces=[application/vnd.spring-boot.actuator.v1+json || application/json]}" onto public java.lang.Object org.springframework.boot.actuate.endpoint.mvc.EndpointMvcAdapter.invoke()
2018-06-04 19:18:02.075  INFO 16956 --- [main] o.s.b.a.e.mvc.EndpointHandlerMapping     : Mapped "{[/beans || /beans.json],methods=[GET],produces=[application/vnd.spring-boot.actuator.v1+json || application/json]}" onto public java.lang.Object org.springframework.boot.actuate.endpoint.mvc.EndpointMvcAdapter.invoke()
2018-06-04 19:18:02.089  INFO 16956 --- [main] o.s.b.a.e.mvc.EndpointHandlerMapping     : Mapped "{[/autoconfig || /autoconfig.json],methods=[GET],produces=[application/vnd.spring-boot.actuator.v1+json || application/json]}" onto public java.lang.Object org.springframework.boot.actuate.endpoint.mvc.EndpointMvcAdapter.invoke()
2018-06-04 19:18:02.105  INFO 16956 --- [main] o.s.b.a.e.mvc.EndpointHandlerMapping     : Mapped "{[/pause || /pause.json],methods=[POST]}" onto public java.lang.Object org.springframework.cloud.endpoint.GenericPostableMvcEndpoint.invoke()
2018-06-04 19:18:02.121  INFO 16956 --- [main] o.s.b.a.e.mvc.EndpointHandlerMapping     : Mapped "{[/routes || /routes.json],methods=[GET],produces=[application/vnd.spring-boot.actuator.v1+json || application/json]}" onto public java.lang.Object org.springframework.boot.actuate.endpoint.mvc.EndpointMvcAdapter.invoke()
2018-06-04 19:18:02.122  INFO 16956 --- [main] o.s.b.a.e.mvc.EndpointHandlerMapping     : Mapped "{[/hystrix.stream/**]}" onto public org.springframework.web.servlet.ModelAndView org.springframework.cloud.netflix.endpoint.ServletWrappingEndpoint.handle(javax.servlet.http.HttpServletRequest,javax.servlet.http.HttpServletResponse) throws java.lang.Exception
2018-06-04 19:18:02.133  INFO 16956 --- [main] o.s.b.a.e.mvc.EndpointHandlerMapping     : Mapped "{[/resume || /resume.json],methods=[POST]}" onto public java.lang.Object org.springframework.cloud.endpoint.GenericPostableMvcEndpoint.invoke()
2018-06-04 19:18:02.135  INFO 16956 --- [main] o.s.b.a.e.mvc.EndpointHandlerMapping     : Mapped "{[/health || /health.json],methods=[GET],produces=[application/vnd.spring-boot.actuator.v1+json || application/json]}" onto public java.lang.Object org.springframework.boot.actuate.endpoint.mvc.HealthMvcEndpoint.invoke(javax.servlet.http.HttpServletRequest,java.security.Principal)
2018-06-04 19:18:02.137  INFO 16956 --- [main] o.s.b.a.e.mvc.EndpointHandlerMapping     : Mapped "{[/info || /info.json],methods=[GET],produces=[application/vnd.spring-boot.actuator.v1+json || application/json]}" onto public java.lang.Object org.springframework.boot.actuate.endpoint.mvc.EndpointMvcAdapter.invoke()
2018-06-04 19:18:02.272  INFO 16956 --- [main] o.s.b.a.e.mvc.EndpointHandlerMapping     : Mapped "{[/metrics/{name:.*}],methods=[GET],produces=[application/vnd.spring-boot.actuator.v1+json || application/json]}" onto public java.lang.Object org.springframework.boot.actuate.endpoint.mvc.MetricsMvcEndpoint.value(java.lang.String)
2018-06-04 19:18:02.274  INFO 16956 --- [main] o.s.b.a.e.mvc.EndpointHandlerMapping     : Mapped "{[/metrics || /metrics.json],methods=[GET],produces=[application/vnd.spring-boot.actuator.v1+json || application/json]}" onto public java.lang.Object org.springframework.boot.actuate.endpoint.mvc.EndpointMvcAdapter.invoke()
2018-06-04 19:18:02.307  INFO 16956 --- [main] o.s.b.a.e.mvc.EndpointHandlerMapping     : Mapped "{[/dump || /dump.json],methods=[GET],produces=[application/vnd.spring-boot.actuator.v1+json || application/json]}" onto public java.lang.Object org.springframework.boot.actuate.endpoint.mvc.EndpointMvcAdapter.invoke()
2018-06-04 19:18:02.316  INFO 16956 --- [main] o.s.b.a.e.mvc.EndpointHandlerMapping     : Mapped "{[/archaius || /archaius.json],methods=[GET],produces=[application/vnd.spring-boot.actuator.v1+json || application/json]}" onto public java.lang.Object org.springframework.boot.actuate.endpoint.mvc.EndpointMvcAdapter.invoke()
2018-06-04 19:18:02.324  INFO 16956 --- [main] o.s.b.a.e.mvc.EndpointHandlerMapping     : Mapped "{[/features || /features.json],methods=[GET],produces=[application/vnd.spring-boot.actuator.v1+json || application/json]}" onto public java.lang.Object org.springframework.boot.actuate.endpoint.mvc.EndpointMvcAdapter.invoke()
2018-06-04 19:18:02.337  INFO 16956 --- [main] o.s.b.a.e.mvc.EndpointHandlerMapping     : Mapped "{[/mappings || /mappings.json],methods=[GET],produces=[application/vnd.spring-boot.actuator.v1+json || application/json]}" onto public java.lang.Object org.springframework.boot.actuate.endpoint.mvc.EndpointMvcAdapter.invoke()
2018-06-04 19:18:02.346  INFO 16956 --- [main] o.s.b.a.e.mvc.EndpointHandlerMapping     : Mapped "{[/env/{name:.*}],methods=[GET],produces=[application/vnd.spring-boot.actuator.v1+json || application/json]}" onto public java.lang.Object org.springframework.boot.actuate.endpoint.mvc.EnvironmentMvcEndpoint.value(java.lang.String)
2018-06-04 19:18:02.347  INFO 16956 --- [main] o.s.b.a.e.mvc.EndpointHandlerMapping     : Mapped "{[/env || /env.json],methods=[GET],produces=[application/vnd.spring-boot.actuator.v1+json || application/json]}" onto public java.lang.Object org.springframework.boot.actuate.endpoint.mvc.EndpointMvcAdapter.invoke()
2018-06-04 19:18:02.351  INFO 16956 --- [main] o.s.b.a.e.mvc.EndpointHandlerMapping     : Mapped "{[/refresh || /refresh.json],methods=[POST]}" onto public java.lang.Object org.springframework.cloud.endpoint.GenericPostableMvcEndpoint.invoke()
2018-06-04 19:18:02.353  INFO 16956 --- [main] o.s.b.a.e.mvc.EndpointHandlerMapping     : Mapped "{[/env],methods=[POST]}" onto public java.lang.Object org.springframework.cloud.context.environment.EnvironmentManagerMvcEndpoint.value(java.util.Map<java.lang.String, java.lang.String>)
2018-06-04 19:18:02.357  INFO 16956 --- [main] o.s.b.a.e.mvc.EndpointHandlerMapping     : Mapped "{[/env/reset],methods=[POST]}" onto public java.util.Map<java.lang.String, java.lang.Object> org.springframework.cloud.context.environment.EnvironmentManagerMvcEndpoint.reset()
2018-06-04 19:18:02.360  INFO 16956 --- [main] o.s.b.a.e.mvc.EndpointHandlerMapping     : Mapped "{[/service-registry/instance-status],methods=[GET]}" onto public org.springframework.http.ResponseEntity org.springframework.cloud.client.serviceregistry.endpoint.ServiceRegistryEndpoint.getStatus()
2018-06-04 19:18:02.369  INFO 16956 --- [main] o.s.b.a.e.mvc.EndpointHandlerMapping     : Mapped "{[/service-registry/instance-status],methods=[POST]}" onto public org.springframework.http.ResponseEntity<?> org.springframework.cloud.client.serviceregistry.endpoint.ServiceRegistryEndpoint.setStatus(java.lang.String)
2018-06-04 19:18:02.388  INFO 16956 --- [main] o.s.b.a.e.mvc.EndpointHandlerMapping     : Mapped "{[/loggers/{name:.*}],methods=[GET],produces=[application/vnd.spring-boot.actuator.v1+json || application/json]}" onto public java.lang.Object org.springframework.boot.actuate.endpoint.mvc.LoggersMvcEndpoint.get(java.lang.String)
2018-06-04 19:18:02.391  INFO 16956 --- [main] o.s.b.a.e.mvc.EndpointHandlerMapping     : Mapped "{[/loggers/{name:.*}],methods=[POST],consumes=[application/vnd.spring-boot.actuator.v1+json || application/json],produces=[application/vnd.spring-boot.actuator.v1+json || application/json]}" onto public java.lang.Object org.springframework.boot.actuate.endpoint.mvc.LoggersMvcEndpoint.set(java.lang.String,java.util.Map<java.lang.String, java.lang.String>)
2018-06-04 19:18:02.395  INFO 16956 --- [main] o.s.b.a.e.mvc.EndpointHandlerMapping     : Mapped "{[/loggers || /loggers.json],methods=[GET],produces=[application/vnd.spring-boot.actuator.v1+json || application/json]}" onto public java.lang.Object org.springframework.boot.actuate.endpoint.mvc.EndpointMvcAdapter.invoke()
2018-06-04 19:18:02.401  INFO 16956 --- [main] o.s.b.a.e.mvc.EndpointHandlerMapping     : Mapped "{[/auditevents || /auditevents.json],methods=[GET],produces=[application/vnd.spring-boot.actuator.v1+json || application/json]}" onto public org.springframework.http.ResponseEntity<?> org.springframework.boot.actuate.endpoint.mvc.AuditEventsMvcEndpoint.findByPrincipalAndAfterAndType(java.lang.String,java.util.Date,java.lang.String)
2018-06-04 19:18:02.413  INFO 16956 --- [main] o.s.b.a.e.mvc.EndpointHandlerMapping     : Mapped "{[/logfile || /logfile.json],methods=[GET || HEAD]}" onto public void org.springframework.boot.actuate.endpoint.mvc.LogFileMvcEndpoint.invoke(javax.servlet.http.HttpServletRequest,javax.servlet.http.HttpServletResponse) throws javax.servlet.ServletException,java.io.IOException
2018-06-04 19:18:02.417  INFO 16956 --- [main] o.s.b.a.e.mvc.EndpointHandlerMapping     : Mapped "{[/heapdump || /heapdump.json],methods=[GET],produces=[application/octet-stream]}" onto public void org.springframework.boot.actuate.endpoint.mvc.HeapdumpMvcEndpoint.invoke(boolean,javax.servlet.http.HttpServletRequest,javax.servlet.http.HttpServletResponse) throws java.io.IOException,javax.servlet.ServletException
2018-06-04 19:18:02.420  INFO 16956 --- [main] o.s.b.a.e.mvc.EndpointHandlerMapping     : Mapped "{[/jolokia/**]}" onto public org.springframework.web.servlet.ModelAndView org.springframework.boot.actuate.endpoint.mvc.JolokiaMvcEndpoint.handle(javax.servlet.http.HttpServletRequest,javax.servlet.http.HttpServletResponse) throws java.lang.Exception
2018-06-04 19:18:02.421  INFO 16956 --- [main] o.s.b.a.e.mvc.EndpointHandlerMapping     : Mapped "{[/restart || /restart.json],methods=[POST]}" onto public java.lang.Object org.springframework.cloud.context.restart.RestartMvcEndpoint.invoke()
2018-06-04 19:18:02.421  INFO 16956 --- [main] o.s.b.a.e.mvc.EndpointHandlerMapping     : Mapped "{[/trace || /trace.json],methods=[GET],produces=[application/vnd.spring-boot.actuator.v1+json || application/json]}" onto public java.lang.Object org.springframework.boot.actuate.endpoint.mvc.EndpointMvcAdapter.invoke()
2018-06-04 19:18:03.179  INFO 16956 --- [main] d.c.boot.admin.web.PrefixHandlerMapping  : Mapped "{[/api/turbine/clusters],methods=[GET]}" onto public java.util.Map<java.lang.String, ?> spring.boot.admin.turbine.web.TurbineController.getClusters()
2018-06-04 19:18:03.193  INFO 16956 --- [main] d.c.boot.admin.web.PrefixHandlerMapping  : Mapped "{[/api/applications/{id}],methods=[GET]}" onto public org.springframework.http.ResponseEntity<?> de.codecentric.boot.admin.registry.web.RegistryController.get(java.lang.String)
2018-06-04 19:18:03.194  INFO 16956 --- [main] d.c.boot.admin.web.PrefixHandlerMapping  : Mapped "{[/api/applications],methods=[POST]}" onto public org.springframework.http.ResponseEntity<de.codecentric.boot.admin.model.Application> de.codecentric.boot.admin.registry.web.RegistryController.register(de.codecentric.boot.admin.model.Application)
2018-06-04 19:18:03.197  INFO 16956 --- [main] d.c.boot.admin.web.PrefixHandlerMapping  : Mapped "{[/api/applications/{id}],methods=[DELETE]}" onto public org.springframework.http.ResponseEntity<?> de.codecentric.boot.admin.registry.web.RegistryController.unregister(java.lang.String)
2018-06-04 19:18:03.205  INFO 16956 --- [main] d.c.boot.admin.web.PrefixHandlerMapping  : Mapped "{[/api/applications],methods=[GET]}" onto public java.util.Collection<de.codecentric.boot.admin.model.Application> de.codecentric.boot.admin.registry.web.RegistryController.applications(java.lang.String)
2018-06-04 19:18:03.216  INFO 16956 --- [main] d.c.boot.admin.web.PrefixHandlerMapping  : Mapped "{[/api/journal],produces=[application/json]}" onto public java.util.Collection<de.codecentric.boot.admin.event.ClientApplicationEvent> de.codecentric.boot.admin.journal.web.JournalController.getJournal()
2018-06-04 19:18:03.217  INFO 16956 --- [main] d.c.boot.admin.web.PrefixHandlerMapping  : Mapped "{[/api/journal],produces=[text/event-stream]}" onto public org.springframework.web.servlet.mvc.method.annotation.SseEmitter de.codecentric.boot.admin.journal.web.JournalController.getJournalEvents()
2018-06-04 19:18:03.238  INFO 16956 --- [main] o.s.s.web.DefaultSecurityFilterChain     : Creating filter chain: org.springframework.boot.actuate.autoconfigure.ManagementWebSecurityAutoConfiguration$LazyEndpointPathRequestMatcher@592cb470, [org.springframework.security.web.context.request.async.WebAsyncManagerIntegrationFilter@1e6cb932, org.springframework.security.web.context.SecurityContextPersistenceFilter@586728e8, org.springframework.security.web.header.HeaderWriterFilter@67fac095, org.springframework.web.filter.CorsFilter@6921cfa, org.springframework.security.web.authentication.logout.LogoutFilter@10b67f54, org.springframework.security.web.authentication.www.BasicAuthenticationFilter@63c99f7, org.springframework.security.web.savedrequest.RequestCacheAwareFilter@786ff0ea, org.springframework.security.web.servletapi.SecurityContextHolderAwareRequestFilter@4751cd3, org.springframework.security.web.authentication.AnonymousAuthenticationFilter@523abba9, org.springframework.security.web.session.SessionManagementFilter@60816371, org.springframework.security.web.access.ExceptionTranslationFilter@1f26b992, org.springframework.security.web.access.intercept.FilterSecurityInterceptor@6ace919c]
2018-06-04 19:18:03.458  INFO 16956 --- [main] o.s.s.web.DefaultSecurityFilterChain     : Creating filter chain: org.springframework.boot.autoconfigure.security.SpringBootWebSecurityConfiguration$ApplicationNoWebSecurityConfigurerAdapter$1@bcfe29c, [org.springframework.security.web.context.request.async.WebAsyncManagerIntegrationFilter@37f71c05, org.springframework.security.web.context.SecurityContextPersistenceFilter@534d0e20, org.springframework.security.web.header.HeaderWriterFilter@4eb1943b, org.springframework.security.web.csrf.CsrfFilter@6a902015, org.springframework.security.web.authentication.logout.LogoutFilter@30c8c6ab, org.springframework.security.web.savedrequest.RequestCacheAwareFilter@7d18338b, org.springframework.security.web.servletapi.SecurityContextHolderAwareRequestFilter@3f4a605f, org.springframework.security.web.authentication.AnonymousAuthenticationFilter@5bd3ca3c, org.springframework.security.web.session.SessionManagementFilter@4e2824b1, org.springframework.security.web.access.ExceptionTranslationFilter@579f3c8e]
2018-06-04 19:18:08.087  INFO 16956 --- [main] o.s.c.n.zuul.ZuulFilterInitializer       : Starting filter initializer
2018-06-04 19:18:08.216  INFO 16956 --- [main] o.s.s.c.ThreadPoolTaskScheduler          : Initializing ExecutorService  'updateTaskScheduler'
2018-06-04 19:18:10.992  INFO 16956 --- [main] o.s.b.t.m.w.SpringBootMockServletContext : jolokia: No access restrictor found, access to any MBean is allowed
2018-06-04 19:18:11.019  INFO 16956 --- [main] o.s.b.t.m.w.SpringBootMockServletContext : jolokia: jolokia:type=Config is already registered. Adding it with jolokia:type=Config,uuid=ffe8b48b-8de1-4c2a-b615-a55e7b594696, but you should revise your setup in order to either use a qualifier or ensure, that only a single agent gets registered (otherwise history functionality might not work)
2018-06-04 19:18:11.020  INFO 16956 --- [main] o.s.b.t.m.w.SpringBootMockServletContext : jolokia: Cannot register (legacy) MBean handler for config store with name jmx4perl:type=Config since it already exists. This is the case if another agent has been already started within the same JVM. The registration is skipped.
2018-06-04 19:18:11.020  INFO 16956 --- [main] o.s.b.t.m.w.SpringBootMockServletContext : jolokia: Jolokia Discovery MBean registration is skipped because there is already one registered.
2018-06-04 19:18:11.384  INFO 16956 --- [main] o.s.c.support.DefaultLifecycleProcessor  : Starting beans in phase 0
2018-06-04 19:18:11.418  INFO 16956 --- [main] o.s.c.n.turbine.SpringAggregatorFactory  : Could not find monitors: []
2018-06-04 19:18:11.694  INFO 16956 --- [main] c.n.t.monitor.cluster.ClusterMonitor     : Registering event handler for cluster monitor: StaticListener_For_Aggregator
2018-06-04 19:18:11.696  INFO 16956 --- [main] c.n.t.handler.TurbineDataDispatcher      : 

Just added and starting handler tuple: StaticListener_For_Aggregator
2018-06-04 19:18:11.696  INFO 16956 --- [main] c.n.t.monitor.cluster.ClusterMonitor     : All event handlers for cluster monitor: [StaticListener_For_Aggregator]
2018-06-04 19:18:11.697  INFO 16956 --- [main] c.n.t.monitor.cluster.ClusterMonitor     : Starting up the cluster monitor for default_agg
2018-06-04 19:18:11.717  INFO 16956 --- [main] c.n.t.discovery.InstanceObservable       : Starting InstanceObservable at frequency: 60000 millis
2018-06-04 19:18:11.717  INFO 16956 --- [main] o.s.c.support.DefaultLifecycleProcessor  : Starting beans in phase 2147483647
2018-06-04 19:18:11.720  INFO 16956 --- [Timer-0] o.s.c.n.t.CommonsInstanceDiscovery       : No apps configured, returning an empty instance list
2018-06-04 19:18:11.721  INFO 16956 --- [Timer-0] c.n.t.discovery.InstanceObservable       : Retrieved hosts from InstanceDiscovery: 0
2018-06-04 19:18:11.722  INFO 16956 --- [Timer-0] c.n.t.discovery.InstanceObservable       : Found hosts that have been previously terminated: 0
2018-06-04 19:18:11.722  INFO 16956 --- [Timer-0] c.n.t.discovery.InstanceObservable       : Hosts up:0, hosts down: 0
2018-06-04 19:18:11.733  INFO 16956 --- [main] ration$HystrixMetricsPollerConfiguration : Starting poller
2018-06-04 19:18:11.849  INFO 16956 --- [main] o.s.c.n.eureka.InstanceInfoFactory       : Setting initial instance status as: STARTING
2018-06-04 19:18:11.949  INFO 16956 --- [main] com.netflix.discovery.DiscoveryClient    : Initializing Eureka in region us-east-1
2018-06-04 19:18:12.143  INFO 16956 --- [main] c.n.d.provider.DiscoveryJerseyProvider   : Using JSON encoding codec LegacyJacksonJson
2018-06-04 19:18:12.144  INFO 16956 --- [main] c.n.d.provider.DiscoveryJerseyProvider   : Using JSON decoding codec LegacyJacksonJson
2018-06-04 19:18:12.571  INFO 16956 --- [main] c.n.d.provider.DiscoveryJerseyProvider   : Using XML encoding codec XStreamXml
2018-06-04 19:18:12.572  INFO 16956 --- [main] c.n.d.provider.DiscoveryJerseyProvider   : Using XML decoding codec XStreamXml
2018-06-04 19:18:13.245  INFO 16956 --- [main] c.n.d.s.r.aws.ConfigClusterResolver      : Resolving eureka endpoints via configuration
2018-06-04 19:18:14.415  INFO 16956 --- [main] com.netflix.discovery.DiscoveryClient    : Disable delta property : false
2018-06-04 19:18:14.417  INFO 16956 --- [main] com.netflix.discovery.DiscoveryClient    : Single vip registry refresh property : null
2018-06-04 19:18:14.417  INFO 16956 --- [main] com.netflix.discovery.DiscoveryClient    : Force full registry fetch : false
2018-06-04 19:18:14.422  INFO 16956 --- [main] com.netflix.discovery.DiscoveryClient    : Application is null : false
2018-06-04 19:18:14.423  INFO 16956 --- [main] com.netflix.discovery.DiscoveryClient    : Registered Applications size is zero : true
2018-06-04 19:18:14.424  INFO 16956 --- [main] com.netflix.discovery.DiscoveryClient    : Application version is -1: true
2018-06-04 19:18:14.426  INFO 16956 --- [main] com.netflix.discovery.DiscoveryClient    : Getting all instance registry info from the eureka server
2018-06-04 19:18:15.625  INFO 16956 --- [main] com.netflix.discovery.DiscoveryClient    : The response status is 200
2018-06-04 19:18:15.627  INFO 16956 --- [main] com.netflix.discovery.DiscoveryClient    : Starting heartbeat executor: renew interval is: 10
2018-06-04 19:18:15.631  INFO 16956 --- [main] c.n.discovery.InstanceInfoReplicator     : InstanceInfoReplicator onDemand update allowed rate per min is 4
2018-06-04 19:18:15.634  INFO 16956 --- [main] com.netflix.discovery.DiscoveryClient    : Discovery Client initialized at timestamp 1528111095634 with initial instances count: 7
2018-06-04 19:18:15.809  INFO 16956 --- [main] d.c.b.a.registry.ApplicationRegistry     : New Application Application [id=d8742e39, name=SERVICE-ZUUL, managementUrl=http://120.77.215.210:8769, healthUrl=http://120.77.215.210:8769/health, serviceUrl=http://120.77.215.210:8769] registered 
2018-06-04 19:18:15.825  INFO 16956 --- [main] d.c.b.a.registry.ApplicationRegistry     : New Application Application [id=500d82b3, name=ZIPKIN-SERVER, managementUrl=http://120.79.138.57:9411, healthUrl=http://120.79.138.57:9411/health, serviceUrl=http://120.79.138.57:9411] registered 
2018-06-04 19:18:15.826  INFO 16956 --- [main] d.c.b.a.registry.ApplicationRegistry     : New Application Application [id=af4dd5ba, name=SERVICE-TURBINE, managementUrl=http://120.77.215.210:8771, healthUrl=http://120.77.215.210:8771/health, serviceUrl=http://120.77.215.210:8771] registered 
2018-06-04 19:18:15.828  INFO 16956 --- [main] d.c.b.a.registry.ApplicationRegistry     : New Application Application [id=bb281e62, name=SERVICE-RIBBON, managementUrl=http://120.79.138.57:8764, healthUrl=http://120.79.138.57:8764/health, serviceUrl=http://120.79.138.57:8764] registered 
2018-06-04 19:18:15.834  INFO 16956 --- [main] d.c.b.a.registry.ApplicationRegistry     : New Application Application [id=4b00b5fa, name=SERVER-HI, managementUrl=http://120.77.215.210:8763, healthUrl=http://120.77.215.210:8763/health, serviceUrl=http://120.77.215.210:8763] registered 
2018-06-04 19:18:15.837  INFO 16956 --- [main] d.c.b.a.registry.ApplicationRegistry     : New Application Application [id=e4dc86f0, name=CONFIG-SERVER, managementUrl=http://39.108.158.254:8888, healthUrl=http://39.108.158.254:8888/health, serviceUrl=http://39.108.158.254:8888] registered 
2018-06-04 19:18:15.840  INFO 16956 --- [main] d.c.b.a.registry.ApplicationRegistry     : New Application Application [id=3a83351c, name=ADMIN-SERVER, managementUrl=http://120.79.138.57:8000, healthUrl=http://120.79.138.57:8000/health, serviceUrl=http://120.79.138.57:8000] registered 
2018-06-04 19:18:15.845  INFO 16956 --- [main] c.hfz.hfzadmin.HfzadminApplicationTests  : Started HfzadminApplicationTests in 47.684 seconds (JVM running for 50.152)
2018-06-04 19:18:15.967  INFO 16956 --- [Thread-10] o.s.w.c.s.GenericWebApplicationContext   : Closing org.springframework.web.context.support.GenericWebApplicationContext@70ab80e3: startup date [Mon Jun 04 19:17:32 CST 2018]; parent: org.springframework.context.annotation.AnnotationConfigApplicationContext@1b66c0fb
2018-06-04 19:18:15.968  INFO 16956 --- [Thread-10] o.s.c.n.e.s.EurekaServiceRegistry        : Unregistering application admin-server with eureka with status DOWN
2018-06-04 19:18:15.970  WARN 16956 --- [Thread-10] com.netflix.discovery.DiscoveryClient    : Saw local status change event StatusChangeEvent [timestamp=1528111095970, current=DOWN, previous=STARTING]
2018-06-04 19:18:15.971  INFO 16956 --- [Thread-10] com.netflix.discovery.DiscoveryClient    : Shutting down DiscoveryClient ...
2018-06-04 19:18:15.972  INFO 16956 --- [DiscoveryClient-InstanceInfoReplicator-0] com.netflix.discovery.DiscoveryClient    : DiscoveryClient_ADMIN-SERVER/DESKTOP-A5TTB59:admin-server:-1: registering service...
2018-06-04 19:18:15.972  INFO 16956 --- [Thread-10] com.netflix.discovery.DiscoveryClient    : Unregistering ...
2018-06-04 19:18:16.055  INFO 16956 --- [Thread-10] com.netflix.discovery.DiscoveryClient    : DiscoveryClient_ADMIN-SERVER/DESKTOP-A5TTB59:admin-server:-1 - deregister  status: 404
2018-06-04 19:18:16.061  INFO 16956 --- [Thread-10] com.netflix.discovery.DiscoveryClient    : Completed shut down of DiscoveryClient
2018-06-04 19:18:16.063  INFO 16956 --- [Thread-10] o.s.c.support.DefaultLifecycleProcessor  : Stopping beans in phase 2147483647
2018-06-04 19:18:16.064  INFO 16956 --- [Thread-10] o.s.c.support.DefaultLifecycleProcessor  : Stopping beans in phase 0
2018-06-04 19:18:16.065  INFO 16956 --- [Thread-10] o.s.s.c.ThreadPoolTaskScheduler          : Shutting down ExecutorService 'updateTaskScheduler'
2018-06-04 19:18:16.066  INFO 16956 --- [Thread-10] o.s.c.n.zuul.ZuulFilterInitializer       : Stopping filter initializer
2018-06-04 19:18:16.125  INFO 16956 --- [DiscoveryClient-InstanceInfoReplicator-0] com.netflix.discovery.DiscoveryClient    : DiscoveryClient_ADMIN-SERVER/DESKTOP-A5TTB59:admin-server:-1 - registration status: 204
2018-06-04 19:18:16.155  WARN 16956 --- [Thread-10] c.n.c.sources.URLConfigurationSource     : No URLs will be polled as dynamic configuration sources.
2018-06-04 19:18:16.159  INFO 16956 --- [Thread-10] c.n.c.sources.URLConfigurationSource     : To enable URLs as dynamic configuration sources, define System property archaius.configurationSource.additionalUrls or make config.properties available on classpath.
2018-06-04 19:37:28.642  INFO 16956 --- [main] c.hfz.hfzadmin.HfzadminApplicationTests  : No active profile set, falling back to default profiles: default
2018-06-04 19:37:28.667  INFO 16956 --- [main] o.s.w.c.s.GenericWebApplicationContext   : Refreshing org.springframework.web.context.support.GenericWebApplicationContext@7fb9f71f: startup date [Mon Jun 04 19:37:28 CST 2018]; parent: org.springframework.context.annotation.AnnotationConfigApplicationContext@1c9b0314
2018-06-04 19:37:30.944  INFO 16956 --- [main] o.s.b.f.s.DefaultListableBeanFactory     : Overriding bean definition for bean 'counterFactory' with a different definition: replacing [Root bean: class [null]; scope=; abstract=false; lazyInit=false; autowireMode=3; dependencyCheck=0; autowireCandidate=true; primary=false; factoryBeanName=org.springframework.cloud.netflix.zuul.ZuulServerAutoConfiguration$ZuulMetricsConfiguration; factoryMethodName=counterFactory; initMethodName=null; destroyMethodName=(inferred); defined in class path resource [org/springframework/cloud/netflix/zuul/ZuulServerAutoConfiguration$ZuulMetricsConfiguration.class]] with [Root bean: class [null]; scope=; abstract=false; lazyInit=false; autowireMode=3; dependencyCheck=0; autowireCandidate=true; primary=false; factoryBeanName=org.springframework.cloud.netflix.zuul.ZuulServerAutoConfiguration$ZuulCounterFactoryConfiguration; factoryMethodName=counterFactory; initMethodName=null; destroyMethodName=(inferred); defined in class path resource [org/springframework/cloud/netflix/zuul/ZuulServerAutoConfiguration$ZuulCounterFactoryConfiguration.class]]
2018-06-04 19:37:30.995  INFO 16956 --- [main] o.s.b.f.s.DefaultListableBeanFactory     : Overriding bean definition for bean 'zuulController' with a different definition: replacing [Root bean: class [null]; scope=; abstract=false; lazyInit=false; autowireMode=3; dependencyCheck=0; autowireCandidate=true; primary=false; factoryBeanName=org.springframework.cloud.netflix.zuul.ZuulServerAutoConfiguration; factoryMethodName=zuulController; initMethodName=null; destroyMethodName=(inferred); defined in class path resource [org/springframework/cloud/netflix/zuul/ZuulServerAutoConfiguration.class]] with [Root bean: class [null]; scope=; abstract=false; lazyInit=false; autowireMode=3; dependencyCheck=0; autowireCandidate=true; primary=false; factoryBeanName=de.codecentric.boot.admin.config.RevereseZuulProxyConfiguration; factoryMethodName=zuulController; initMethodName=null; destroyMethodName=(inferred); defined in class path resource [de/codecentric/boot/admin/config/RevereseZuulProxyConfiguration.class]]
2018-06-04 19:37:30.996  INFO 16956 --- [main] o.s.b.f.s.DefaultListableBeanFactory     : Overriding bean definition for bean 'zuulRefreshRoutesListener' with a different definition: replacing [Root bean: class [null]; scope=; abstract=false; lazyInit=false; autowireMode=3; dependencyCheck=0; autowireCandidate=true; primary=false; factoryBeanName=org.springframework.cloud.netflix.zuul.ZuulServerAutoConfiguration; factoryMethodName=zuulRefreshRoutesListener; initMethodName=null; destroyMethodName=(inferred); defined in class path resource [org/springframework/cloud/netflix/zuul/ZuulServerAutoConfiguration.class]] with [Root bean: class [null]; scope=; abstract=false; lazyInit=false; autowireMode=3; dependencyCheck=0; autowireCandidate=true; primary=false; factoryBeanName=de.codecentric.boot.admin.config.RevereseZuulProxyConfiguration; factoryMethodName=zuulRefreshRoutesListener; initMethodName=null; destroyMethodName=(inferred); defined in class path resource [de/codecentric/boot/admin/config/RevereseZuulProxyConfiguration.class]]
2018-06-04 19:37:31.655  INFO 16956 --- [main] o.s.cloud.context.scope.GenericScope     : BeanFactory id=6ebd36ac-b645-3635-99a1-ffb3af267c8b
2018-06-04 19:37:32.113  INFO 16956 --- [main] f.a.AutowiredAnnotationBeanPostProcessor : JSR-330 'javax.inject.Inject' annotation found and supported for autowiring
2018-06-04 19:37:32.775  INFO 16956 --- [main] trationDelegate$BeanPostProcessorChecker : Bean 'org.springframework.cloud.netflix.metrics.MetricsInterceptorConfiguration$MetricsRestTemplateConfiguration' of type [org.springframework.cloud.netflix.metrics.MetricsInterceptorConfiguration$MetricsRestTemplateConfiguration$$EnhancerBySpringCGLIB$$14e5e68c] is not eligible for getting processed by all BeanPostProcessors (for example: not eligible for auto-proxying)
2018-06-04 19:37:33.248  INFO 16956 --- [main] trationDelegate$BeanPostProcessorChecker : Bean 'org.springframework.cloud.autoconfigure.ConfigurationPropertiesRebinderAutoConfiguration' of type [org.springframework.cloud.autoconfigure.ConfigurationPropertiesRebinderAutoConfiguration$$EnhancerBySpringCGLIB$$fed34348] is not eligible for getting processed by all BeanPostProcessors (for example: not eligible for auto-proxying)
2018-06-04 19:37:34.504  INFO 16956 --- [main] o.s.ui.freemarker.SpringTemplateLoader   : SpringTemplateLoader for FreeMarker: using resource loader [org.springframework.web.context.support.GenericWebApplicationContext@7fb9f71f: startup date [Mon Jun 04 19:37:28 CST 2018]; parent: org.springframework.context.annotation.AnnotationConfigApplicationContext@1c9b0314] and template loader path [classpath:/templates/]
2018-06-04 19:37:34.507  INFO 16956 --- [main] o.s.w.s.v.f.FreeMarkerConfigurer         : ClassTemplateLoader for Spring macros added to FreeMarker configuration
2018-06-04 19:37:35.945  WARN 16956 --- [main] c.n.c.sources.URLConfigurationSource     : No URLs will be polled as dynamic configuration sources.
2018-06-04 19:37:35.946  INFO 16956 --- [main] c.n.c.sources.URLConfigurationSource     : To enable URLs as dynamic configuration sources, define System property archaius.configurationSource.additionalUrls or make config.properties available on classpath.
2018-06-04 19:37:35.975  INFO 16956 --- [main] c.netflix.config.DynamicPropertyFactory  : DynamicPropertyFactory is initialized with configuration sources: com.netflix.config.ConcurrentCompositeConfiguration@713a35c5
2018-06-04 19:37:38.470  WARN 16956 --- [main] c.n.c.sources.URLConfigurationSource     : No URLs will be polled as dynamic configuration sources.
2018-06-04 19:37:38.471  INFO 16956 --- [main] c.n.c.sources.URLConfigurationSource     : To enable URLs as dynamic configuration sources, define System property archaius.configurationSource.additionalUrls or make config.properties available on classpath.
2018-06-04 19:37:39.267  INFO 16956 --- [main] o.s.b.t.m.w.SpringBootMockServletContext : jolokia: No access restrictor found, access to any MBean is allowed
2018-06-04 19:37:41.210  INFO 16956 --- [main] s.w.s.m.m.a.RequestMappingHandlerAdapter : Looking for @ControllerAdvice: org.springframework.web.context.support.GenericWebApplicationContext@7fb9f71f: startup date [Mon Jun 04 19:37:28 CST 2018]; parent: org.springframework.context.annotation.AnnotationConfigApplicationContext@1c9b0314
2018-06-04 19:37:41.986  INFO 16956 --- [main] s.w.s.m.m.a.RequestMappingHandlerMapping : Mapped "{[/hystrix]}" onto public java.lang.String org.springframework.cloud.netflix.hystrix.dashboard.HystrixDashboardController.home(org.springframework.ui.Model,org.springframework.web.context.request.WebRequest)
2018-06-04 19:37:41.988  INFO 16956 --- [main] s.w.s.m.m.a.RequestMappingHandlerMapping : Mapped "{[/hystrix/{path}]}" onto public java.lang.String org.springframework.cloud.netflix.hystrix.dashboard.HystrixDashboardController.monitor(java.lang.String,org.springframework.ui.Model,org.springframework.web.context.request.WebRequest)
2018-06-04 19:37:41.999  INFO 16956 --- [main] s.w.s.m.m.a.RequestMappingHandlerMapping : Mapped "{[/error]}" onto public org.springframework.http.ResponseEntity<java.util.Map<java.lang.String, java.lang.Object>> org.springframework.boot.autoconfigure.web.BasicErrorController.error(javax.servlet.http.HttpServletRequest)
2018-06-04 19:37:42.007  INFO 16956 --- [main] s.w.s.m.m.a.RequestMappingHandlerMapping : Mapped "{[/error],produces=[text/html]}" onto public org.springframework.web.servlet.ModelAndView org.springframework.boot.autoconfigure.web.BasicErrorController.errorHtml(javax.servlet.http.HttpServletRequest,javax.servlet.http.HttpServletResponse)
2018-06-04 19:37:42.050  INFO 16956 --- [main] s.w.s.m.m.a.RequestMappingHandlerMapping : Mapped "{[/api/turbine/clusters],methods=[GET]}" onto public java.util.Map<java.lang.String, ?> spring.boot.admin.turbine.web.TurbineController.getClusters()
2018-06-04 19:37:42.074  INFO 16956 --- [main] s.w.s.m.m.a.RequestMappingHandlerMapping : Mapped "{[/api/applications/{id}],methods=[GET]}" onto public org.springframework.http.ResponseEntity<?> de.codecentric.boot.admin.registry.web.RegistryController.get(java.lang.String)
2018-06-04 19:37:42.082  INFO 16956 --- [main] s.w.s.m.m.a.RequestMappingHandlerMapping : Mapped "{[/api/applications],methods=[POST]}" onto public org.springframework.http.ResponseEntity<de.codecentric.boot.admin.model.Application> de.codecentric.boot.admin.registry.web.RegistryController.register(de.codecentric.boot.admin.model.Application)
2018-06-04 19:37:42.084  INFO 16956 --- [main] s.w.s.m.m.a.RequestMappingHandlerMapping : Mapped "{[/api/applications/{id}],methods=[DELETE]}" onto public org.springframework.http.ResponseEntity<?> de.codecentric.boot.admin.registry.web.RegistryController.unregister(java.lang.String)
2018-06-04 19:37:42.086  INFO 16956 --- [main] s.w.s.m.m.a.RequestMappingHandlerMapping : Mapped "{[/api/applications],methods=[GET]}" onto public java.util.Collection<de.codecentric.boot.admin.model.Application> de.codecentric.boot.admin.registry.web.RegistryController.applications(java.lang.String)
2018-06-04 19:37:42.173  INFO 16956 --- [main] s.w.s.m.m.a.RequestMappingHandlerMapping : Mapped "{[/api/journal],produces=[application/json]}" onto public java.util.Collection<de.codecentric.boot.admin.event.ClientApplicationEvent> de.codecentric.boot.admin.journal.web.JournalController.getJournal()
2018-06-04 19:37:42.174  INFO 16956 --- [main] s.w.s.m.m.a.RequestMappingHandlerMapping : Mapped "{[/api/journal],produces=[text/event-stream]}" onto public org.springframework.web.servlet.mvc.method.annotation.SseEmitter de.codecentric.boot.admin.journal.web.JournalController.getJournalEvents()
2018-06-04 19:37:42.323  INFO 16956 --- [main] o.s.w.s.handler.SimpleUrlHandlerMapping  : Root mapping to handler of type [class org.springframework.web.servlet.mvc.ParameterizableViewController]
2018-06-04 19:37:42.432  WARN 16956 --- [main] o.s.w.s.r.ResourceHttpRequestHandler     : Locations list is empty. No resources will be served unless a custom ResourceResolver is configured as an alternative to PathResourceResolver.
2018-06-04 19:37:42.434  WARN 16956 --- [main] o.s.w.s.r.ResourceHttpRequestHandler     : Locations list is empty. No resources will be served unless a custom ResourceResolver is configured as an alternative to PathResourceResolver.
2018-06-04 19:37:42.444  INFO 16956 --- [main] o.s.w.s.handler.SimpleUrlHandlerMapping  : Mapped URL path [/webjars/**] onto handler of type [class org.springframework.web.servlet.resource.ResourceHttpRequestHandler]
2018-06-04 19:37:42.445  INFO 16956 --- [main] o.s.w.s.handler.SimpleUrlHandlerMapping  : Mapped URL path [/**] onto handler of type [class org.springframework.web.servlet.resource.ResourceHttpRequestHandler]
2018-06-04 19:37:42.446  INFO 16956 --- [main] o.s.w.s.handler.SimpleUrlHandlerMapping  : Mapped URL path [/all-modules.css] onto handler of type [class org.springframework.web.servlet.resource.ResourceHttpRequestHandler]
2018-06-04 19:37:42.447  INFO 16956 --- [main] o.s.w.s.handler.SimpleUrlHandlerMapping  : Mapped URL path [/all-modules.js] onto handler of type [class org.springframework.web.servlet.resource.ResourceHttpRequestHandler]
2018-06-04 19:37:42.934  INFO 16956 --- [main] o.s.w.s.handler.SimpleUrlHandlerMapping  : Mapped URL path [/**/favicon.ico] onto handler of type [class org.springframework.web.servlet.resource.ResourceHttpRequestHandler]
2018-06-04 19:37:49.142  INFO 16956 --- [main] o.s.s.web.DefaultSecurityFilterChain     : Creating filter chain: OrRequestMatcher [requestMatchers=[Ant [pattern='/css/**'], Ant [pattern='/js/**'], Ant [pattern='/images/**'], Ant [pattern='/webjars/**'], Ant [pattern='/**/favicon.ico'], Ant [pattern='/error']]], []
2018-06-04 19:37:52.790  INFO 16956 --- [main] o.s.b.a.e.mvc.EndpointHandlerMapping     : Mapped "{[/pause || /pause.json],methods=[POST]}" onto public java.lang.Object org.springframework.cloud.endpoint.GenericPostableMvcEndpoint.invoke()
2018-06-04 19:37:52.803  INFO 16956 --- [main] o.s.b.a.e.mvc.EndpointHandlerMapping     : Mapped "{[/archaius || /archaius.json],methods=[GET],produces=[application/vnd.spring-boot.actuator.v1+json || application/json]}" onto public java.lang.Object org.springframework.boot.actuate.endpoint.mvc.EndpointMvcAdapter.invoke()
2018-06-04 19:37:52.809  INFO 16956 --- [main] o.s.b.a.e.mvc.EndpointHandlerMapping     : Mapped "{[/restart || /restart.json],methods=[POST]}" onto public java.lang.Object org.springframework.cloud.context.restart.RestartMvcEndpoint.invoke()
2018-06-04 19:37:52.819  INFO 16956 --- [main] o.s.b.a.e.mvc.EndpointHandlerMapping     : Mapped "{[/loggers/{name:.*}],methods=[GET],produces=[application/vnd.spring-boot.actuator.v1+json || application/json]}" onto public java.lang.Object org.springframework.boot.actuate.endpoint.mvc.LoggersMvcEndpoint.get(java.lang.String)
2018-06-04 19:37:52.821  INFO 16956 --- [main] o.s.b.a.e.mvc.EndpointHandlerMapping     : Mapped "{[/loggers/{name:.*}],methods=[POST],consumes=[application/vnd.spring-boot.actuator.v1+json || application/json],produces=[application/vnd.spring-boot.actuator.v1+json || application/json]}" onto public java.lang.Object org.springframework.boot.actuate.endpoint.mvc.LoggersMvcEndpoint.set(java.lang.String,java.util.Map<java.lang.String, java.lang.String>)
2018-06-04 19:37:52.821  INFO 16956 --- [main] o.s.b.a.e.mvc.EndpointHandlerMapping     : Mapped "{[/loggers || /loggers.json],methods=[GET],produces=[application/vnd.spring-boot.actuator.v1+json || application/json]}" onto public java.lang.Object org.springframework.boot.actuate.endpoint.mvc.EndpointMvcAdapter.invoke()
2018-06-04 19:37:52.823  INFO 16956 --- [main] o.s.b.a.e.mvc.EndpointHandlerMapping     : Mapped "{[/mappings || /mappings.json],methods=[GET],produces=[application/vnd.spring-boot.actuator.v1+json || application/json]}" onto public java.lang.Object org.springframework.boot.actuate.endpoint.mvc.EndpointMvcAdapter.invoke()
2018-06-04 19:37:52.824  INFO 16956 --- [main] o.s.b.a.e.mvc.EndpointHandlerMapping     : Mapped "{[/env],methods=[POST]}" onto public java.lang.Object org.springframework.cloud.context.environment.EnvironmentManagerMvcEndpoint.value(java.util.Map<java.lang.String, java.lang.String>)
2018-06-04 19:37:52.826  INFO 16956 --- [main] o.s.b.a.e.mvc.EndpointHandlerMapping     : Mapped "{[/env/reset],methods=[POST]}" onto public java.util.Map<java.lang.String, java.lang.Object> org.springframework.cloud.context.environment.EnvironmentManagerMvcEndpoint.reset()
2018-06-04 19:37:52.831  INFO 16956 --- [main] o.s.b.a.e.mvc.EndpointHandlerMapping     : Mapped "{[/resume || /resume.json],methods=[POST]}" onto public java.lang.Object org.springframework.cloud.endpoint.GenericPostableMvcEndpoint.invoke()
2018-06-04 19:37:52.844  INFO 16956 --- [main] o.s.b.a.e.mvc.EndpointHandlerMapping     : Mapped "{[/features || /features.json],methods=[GET],produces=[application/vnd.spring-boot.actuator.v1+json || application/json]}" onto public java.lang.Object org.springframework.boot.actuate.endpoint.mvc.EndpointMvcAdapter.invoke()
2018-06-04 19:37:52.847  INFO 16956 --- [main] o.s.b.a.e.mvc.EndpointHandlerMapping     : Mapped "{[/auditevents || /auditevents.json],methods=[GET],produces=[application/vnd.spring-boot.actuator.v1+json || application/json]}" onto public org.springframework.http.ResponseEntity<?> org.springframework.boot.actuate.endpoint.mvc.AuditEventsMvcEndpoint.findByPrincipalAndAfterAndType(java.lang.String,java.util.Date,java.lang.String)
2018-06-04 19:37:52.854  INFO 16956 --- [main] o.s.b.a.e.mvc.EndpointHandlerMapping     : Mapped "{[/trace || /trace.json],methods=[GET],produces=[application/vnd.spring-boot.actuator.v1+json || application/json]}" onto public java.lang.Object org.springframework.boot.actuate.endpoint.mvc.EndpointMvcAdapter.invoke()
2018-06-04 19:37:52.860  INFO 16956 --- [main] o.s.b.a.e.mvc.EndpointHandlerMapping     : Mapped "{[/info || /info.json],methods=[GET],produces=[application/vnd.spring-boot.actuator.v1+json || application/json]}" onto public java.lang.Object org.springframework.boot.actuate.endpoint.mvc.EndpointMvcAdapter.invoke()
2018-06-04 19:37:52.863  INFO 16956 --- [main] o.s.b.a.e.mvc.EndpointHandlerMapping     : Mapped "{[/routes || /routes.json],methods=[GET],produces=[application/vnd.spring-boot.actuator.v1+json || application/json]}" onto public java.lang.Object org.springframework.boot.actuate.endpoint.mvc.EndpointMvcAdapter.invoke()
2018-06-04 19:37:52.864  INFO 16956 --- [main] o.s.b.a.e.mvc.EndpointHandlerMapping     : Mapped "{[/service-registry/instance-status],methods=[GET]}" onto public org.springframework.http.ResponseEntity org.springframework.cloud.client.serviceregistry.endpoint.ServiceRegistryEndpoint.getStatus()
2018-06-04 19:37:52.865  INFO 16956 --- [main] o.s.b.a.e.mvc.EndpointHandlerMapping     : Mapped "{[/service-registry/instance-status],methods=[POST]}" onto public org.springframework.http.ResponseEntity<?> org.springframework.cloud.client.serviceregistry.endpoint.ServiceRegistryEndpoint.setStatus(java.lang.String)
2018-06-04 19:37:52.867  INFO 16956 --- [main] o.s.b.a.e.mvc.EndpointHandlerMapping     : Mapped "{[/jolokia/**]}" onto public org.springframework.web.servlet.ModelAndView org.springframework.boot.actuate.endpoint.mvc.JolokiaMvcEndpoint.handle(javax.servlet.http.HttpServletRequest,javax.servlet.http.HttpServletResponse) throws java.lang.Exception
2018-06-04 19:37:52.869  INFO 16956 --- [main] o.s.b.a.e.mvc.EndpointHandlerMapping     : Mapped "{[/logfile || /logfile.json],methods=[GET || HEAD]}" onto public void org.springframework.boot.actuate.endpoint.mvc.LogFileMvcEndpoint.invoke(javax.servlet.http.HttpServletRequest,javax.servlet.http.HttpServletResponse) throws javax.servlet.ServletException,java.io.IOException
2018-06-04 19:37:52.870  INFO 16956 --- [main] o.s.b.a.e.mvc.EndpointHandlerMapping     : Mapped "{[/dump || /dump.json],methods=[GET],produces=[application/vnd.spring-boot.actuator.v1+json || application/json]}" onto public java.lang.Object org.springframework.boot.actuate.endpoint.mvc.EndpointMvcAdapter.invoke()
2018-06-04 19:37:52.873  INFO 16956 --- [main] o.s.b.a.e.mvc.EndpointHandlerMapping     : Mapped "{[/metrics/{name:.*}],methods=[GET],produces=[application/vnd.spring-boot.actuator.v1+json || application/json]}" onto public java.lang.Object org.springframework.boot.actuate.endpoint.mvc.MetricsMvcEndpoint.value(java.lang.String)
2018-06-04 19:37:52.875  INFO 16956 --- [main] o.s.b.a.e.mvc.EndpointHandlerMapping     : Mapped "{[/metrics || /metrics.json],methods=[GET],produces=[application/vnd.spring-boot.actuator.v1+json || application/json]}" onto public java.lang.Object org.springframework.boot.actuate.endpoint.mvc.EndpointMvcAdapter.invoke()
2018-06-04 19:37:52.876  INFO 16956 --- [main] o.s.b.a.e.mvc.EndpointHandlerMapping     : Mapped "{[/health || /health.json],methods=[GET],produces=[application/vnd.spring-boot.actuator.v1+json || application/json]}" onto public java.lang.Object org.springframework.boot.actuate.endpoint.mvc.HealthMvcEndpoint.invoke(javax.servlet.http.HttpServletRequest,java.security.Principal)
2018-06-04 19:37:52.877  INFO 16956 --- [main] o.s.b.a.e.mvc.EndpointHandlerMapping     : Mapped "{[/autoconfig || /autoconfig.json],methods=[GET],produces=[application/vnd.spring-boot.actuator.v1+json || application/json]}" onto public java.lang.Object org.springframework.boot.actuate.endpoint.mvc.EndpointMvcAdapter.invoke()
2018-06-04 19:37:52.881  INFO 16956 --- [main] o.s.b.a.e.mvc.EndpointHandlerMapping     : Mapped "{[/heapdump || /heapdump.json],methods=[GET],produces=[application/octet-stream]}" onto public void org.springframework.boot.actuate.endpoint.mvc.HeapdumpMvcEndpoint.invoke(boolean,javax.servlet.http.HttpServletRequest,javax.servlet.http.HttpServletResponse) throws java.io.IOException,javax.servlet.ServletException
2018-06-04 19:37:52.884  INFO 16956 --- [main] o.s.b.a.e.mvc.EndpointHandlerMapping     : Mapped "{[/hystrix.stream/**]}" onto public org.springframework.web.servlet.ModelAndView org.springframework.cloud.netflix.endpoint.ServletWrappingEndpoint.handle(javax.servlet.http.HttpServletRequest,javax.servlet.http.HttpServletResponse) throws java.lang.Exception
2018-06-04 19:37:52.885  INFO 16956 --- [main] o.s.b.a.e.mvc.EndpointHandlerMapping     : Mapped "{[/beans || /beans.json],methods=[GET],produces=[application/vnd.spring-boot.actuator.v1+json || application/json]}" onto public java.lang.Object org.springframework.boot.actuate.endpoint.mvc.EndpointMvcAdapter.invoke()
2018-06-04 19:37:52.887  INFO 16956 --- [main] o.s.b.a.e.mvc.EndpointHandlerMapping     : Mapped "{[/configprops || /configprops.json],methods=[GET],produces=[application/vnd.spring-boot.actuator.v1+json || application/json]}" onto public java.lang.Object org.springframework.boot.actuate.endpoint.mvc.EndpointMvcAdapter.invoke()
2018-06-04 19:37:52.890  INFO 16956 --- [main] o.s.b.a.e.mvc.EndpointHandlerMapping     : Mapped "{[/env/{name:.*}],methods=[GET],produces=[application/vnd.spring-boot.actuator.v1+json || application/json]}" onto public java.lang.Object org.springframework.boot.actuate.endpoint.mvc.EnvironmentMvcEndpoint.value(java.lang.String)
2018-06-04 19:37:52.891  INFO 16956 --- [main] o.s.b.a.e.mvc.EndpointHandlerMapping     : Mapped "{[/env || /env.json],methods=[GET],produces=[application/vnd.spring-boot.actuator.v1+json || application/json]}" onto public java.lang.Object org.springframework.boot.actuate.endpoint.mvc.EndpointMvcAdapter.invoke()
2018-06-04 19:37:52.891  INFO 16956 --- [main] o.s.b.a.e.mvc.EndpointHandlerMapping     : Mapped "{[/refresh || /refresh.json],methods=[POST]}" onto public java.lang.Object org.springframework.cloud.endpoint.GenericPostableMvcEndpoint.invoke()
2018-06-04 19:37:53.242  INFO 16956 --- [main] d.c.boot.admin.web.PrefixHandlerMapping  : Mapped "{[/api/turbine/clusters],methods=[GET]}" onto public java.util.Map<java.lang.String, ?> spring.boot.admin.turbine.web.TurbineController.getClusters()
2018-06-04 19:37:53.246  INFO 16956 --- [main] d.c.boot.admin.web.PrefixHandlerMapping  : Mapped "{[/api/applications/{id}],methods=[GET]}" onto public org.springframework.http.ResponseEntity<?> de.codecentric.boot.admin.registry.web.RegistryController.get(java.lang.String)
2018-06-04 19:37:53.247  INFO 16956 --- [main] d.c.boot.admin.web.PrefixHandlerMapping  : Mapped "{[/api/applications],methods=[POST]}" onto public org.springframework.http.ResponseEntity<de.codecentric.boot.admin.model.Application> de.codecentric.boot.admin.registry.web.RegistryController.register(de.codecentric.boot.admin.model.Application)
2018-06-04 19:37:53.250  INFO 16956 --- [main] d.c.boot.admin.web.PrefixHandlerMapping  : Mapped "{[/api/applications/{id}],methods=[DELETE]}" onto public org.springframework.http.ResponseEntity<?> de.codecentric.boot.admin.registry.web.RegistryController.unregister(java.lang.String)
2018-06-04 19:37:53.257  INFO 16956 --- [main] d.c.boot.admin.web.PrefixHandlerMapping  : Mapped "{[/api/applications],methods=[GET]}" onto public java.util.Collection<de.codecentric.boot.admin.model.Application> de.codecentric.boot.admin.registry.web.RegistryController.applications(java.lang.String)
2018-06-04 19:37:53.263  INFO 16956 --- [main] d.c.boot.admin.web.PrefixHandlerMapping  : Mapped "{[/api/journal],produces=[application/json]}" onto public java.util.Collection<de.codecentric.boot.admin.event.ClientApplicationEvent> de.codecentric.boot.admin.journal.web.JournalController.getJournal()
2018-06-04 19:37:53.264  INFO 16956 --- [main] d.c.boot.admin.web.PrefixHandlerMapping  : Mapped "{[/api/journal],produces=[text/event-stream]}" onto public org.springframework.web.servlet.mvc.method.annotation.SseEmitter de.codecentric.boot.admin.journal.web.JournalController.getJournalEvents()
2018-06-04 19:37:53.279  INFO 16956 --- [main] o.s.s.web.DefaultSecurityFilterChain     : Creating filter chain: org.springframework.boot.actuate.autoconfigure.ManagementWebSecurityAutoConfiguration$LazyEndpointPathRequestMatcher@22ae32ba, [org.springframework.security.web.context.request.async.WebAsyncManagerIntegrationFilter@b8b2184, org.springframework.security.web.context.SecurityContextPersistenceFilter@15186ce0, org.springframework.security.web.header.HeaderWriterFilter@7686f701, org.springframework.web.filter.CorsFilter@299a43d9, org.springframework.security.web.authentication.logout.LogoutFilter@60652518, org.springframework.security.web.authentication.www.BasicAuthenticationFilter@4403bff8, org.springframework.security.web.savedrequest.RequestCacheAwareFilter@75dd0f94, org.springframework.security.web.servletapi.SecurityContextHolderAwareRequestFilter@4b3ad7ca, org.springframework.security.web.authentication.AnonymousAuthenticationFilter@ccd000e, org.springframework.security.web.session.SessionManagementFilter@586728e8, org.springframework.security.web.access.ExceptionTranslationFilter@642c72cf, org.springframework.security.web.access.intercept.FilterSecurityInterceptor@464400b3]
2018-06-04 19:37:53.362  INFO 16956 --- [main] o.s.s.web.DefaultSecurityFilterChain     : Creating filter chain: org.springframework.boot.autoconfigure.security.SpringBootWebSecurityConfiguration$ApplicationNoWebSecurityConfigurerAdapter$1@19ec5357, [org.springframework.security.web.context.request.async.WebAsyncManagerIntegrationFilter@351d93bd, org.springframework.security.web.context.SecurityContextPersistenceFilter@59f76e56, org.springframework.security.web.header.HeaderWriterFilter@5bd3ca3c, org.springframework.security.web.csrf.CsrfFilter@7d18338b, org.springframework.security.web.authentication.logout.LogoutFilter@7b8b07ae, org.springframework.security.web.savedrequest.RequestCacheAwareFilter@566f4659, org.springframework.security.web.servletapi.SecurityContextHolderAwareRequestFilter@1328f482, org.springframework.security.web.authentication.AnonymousAuthenticationFilter@61c5fd78, org.springframework.security.web.session.SessionManagementFilter@2dd8a273, org.springframework.security.web.access.ExceptionTranslationFilter@37f71c05]
2018-06-04 19:37:56.370  INFO 16956 --- [main] o.s.c.n.zuul.ZuulFilterInitializer       : Starting filter initializer
2018-06-04 19:37:56.448  INFO 16956 --- [main] o.s.s.c.ThreadPoolTaskScheduler          : Initializing ExecutorService  'updateTaskScheduler'
2018-06-04 19:37:57.377  INFO 16956 --- [main] o.s.b.t.m.w.SpringBootMockServletContext : jolokia: No access restrictor found, access to any MBean is allowed
2018-06-04 19:37:57.384  INFO 16956 --- [main] o.s.b.t.m.w.SpringBootMockServletContext : jolokia: jolokia:type=Config is already registered. Adding it with jolokia:type=Config,uuid=3b550e5e-980f-4d4f-b122-1f28ec8028d5, but you should revise your setup in order to either use a qualifier or ensure, that only a single agent gets registered (otherwise history functionality might not work)
2018-06-04 19:37:57.386  INFO 16956 --- [main] o.s.b.t.m.w.SpringBootMockServletContext : jolokia: Cannot register (legacy) MBean handler for config store with name jmx4perl:type=Config since it already exists. This is the case if another agent has been already started within the same JVM. The registration is skipped.
2018-06-04 19:37:57.386  INFO 16956 --- [main] o.s.b.t.m.w.SpringBootMockServletContext : jolokia: Jolokia Discovery MBean registration is skipped because there is already one registered.
2018-06-04 19:37:57.455  INFO 16956 --- [main] o.s.c.support.DefaultLifecycleProcessor  : Starting beans in phase 0
2018-06-04 19:37:57.465  INFO 16956 --- [main] o.s.c.n.turbine.SpringAggregatorFactory  : Could not find monitors: []
2018-06-04 19:37:57.674  INFO 16956 --- [main] c.n.t.monitor.cluster.ClusterMonitor     : Registering event handler for cluster monitor: StaticListener_For_Aggregator
2018-06-04 19:37:57.676  INFO 16956 --- [main] c.n.t.handler.TurbineDataDispatcher      : 

Just added and starting handler tuple: StaticListener_For_Aggregator
2018-06-04 19:37:57.676  INFO 16956 --- [main] c.n.t.monitor.cluster.ClusterMonitor     : All event handlers for cluster monitor: [StaticListener_For_Aggregator]
2018-06-04 19:37:57.677  INFO 16956 --- [main] c.n.t.monitor.cluster.ClusterMonitor     : Starting up the cluster monitor for default_agg
2018-06-04 19:37:57.680  INFO 16956 --- [main] c.n.t.discovery.InstanceObservable       : Starting InstanceObservable at frequency: 60000 millis
2018-06-04 19:37:57.681  INFO 16956 --- [main] o.s.c.support.DefaultLifecycleProcessor  : Starting beans in phase 2147483647
2018-06-04 19:37:57.681  INFO 16956 --- [Timer-0] o.s.c.n.t.CommonsInstanceDiscovery       : No apps configured, returning an empty instance list
2018-06-04 19:37:57.682  INFO 16956 --- [Timer-0] c.n.t.discovery.InstanceObservable       : Retrieved hosts from InstanceDiscovery: 0
2018-06-04 19:37:57.683  INFO 16956 --- [Timer-0] c.n.t.discovery.InstanceObservable       : Found hosts that have been previously terminated: 0
2018-06-04 19:37:57.683  INFO 16956 --- [Timer-0] c.n.t.discovery.InstanceObservable       : Hosts up:0, hosts down: 0
2018-06-04 19:37:57.708  INFO 16956 --- [main] ration$HystrixMetricsPollerConfiguration : Starting poller
2018-06-04 19:37:57.789  INFO 16956 --- [main] o.s.c.n.eureka.InstanceInfoFactory       : Setting initial instance status as: STARTING
2018-06-04 19:37:57.850  INFO 16956 --- [main] com.netflix.discovery.DiscoveryClient    : Initializing Eureka in region us-east-1
2018-06-04 19:37:57.993  INFO 16956 --- [main] c.n.d.provider.DiscoveryJerseyProvider   : Using JSON encoding codec LegacyJacksonJson
2018-06-04 19:37:57.993  INFO 16956 --- [main] c.n.d.provider.DiscoveryJerseyProvider   : Using JSON decoding codec LegacyJacksonJson
2018-06-04 19:37:58.403  INFO 16956 --- [main] c.n.d.provider.DiscoveryJerseyProvider   : Using XML encoding codec XStreamXml
2018-06-04 19:37:58.404  INFO 16956 --- [main] c.n.d.provider.DiscoveryJerseyProvider   : Using XML decoding codec XStreamXml
2018-06-04 19:37:58.778  INFO 16956 --- [main] c.n.d.s.r.aws.ConfigClusterResolver      : Resolving eureka endpoints via configuration
2018-06-04 19:37:58.944  INFO 16956 --- [main] com.netflix.discovery.DiscoveryClient    : Disable delta property : false
2018-06-04 19:37:58.944  INFO 16956 --- [main] com.netflix.discovery.DiscoveryClient    : Single vip registry refresh property : null
2018-06-04 19:37:58.944  INFO 16956 --- [main] com.netflix.discovery.DiscoveryClient    : Force full registry fetch : false
2018-06-04 19:37:58.944  INFO 16956 --- [main] com.netflix.discovery.DiscoveryClient    : Application is null : false
2018-06-04 19:37:58.945  INFO 16956 --- [main] com.netflix.discovery.DiscoveryClient    : Registered Applications size is zero : true
2018-06-04 19:37:58.946  INFO 16956 --- [main] com.netflix.discovery.DiscoveryClient    : Application version is -1: true
2018-06-04 19:37:58.946  INFO 16956 --- [main] com.netflix.discovery.DiscoveryClient    : Getting all instance registry info from the eureka server
2018-06-04 19:38:00.055  INFO 16956 --- [main] com.netflix.discovery.DiscoveryClient    : The response status is 200
2018-06-04 19:38:00.057  INFO 16956 --- [main] com.netflix.discovery.DiscoveryClient    : Starting heartbeat executor: renew interval is: 10
2018-06-04 19:38:00.060  INFO 16956 --- [main] c.n.discovery.InstanceInfoReplicator     : InstanceInfoReplicator onDemand update allowed rate per min is 4
2018-06-04 19:38:00.064  INFO 16956 --- [main] com.netflix.discovery.DiscoveryClient    : Discovery Client initialized at timestamp 1528112280063 with initial instances count: 7
2018-06-04 19:38:00.431  INFO 16956 --- [main] d.c.b.a.registry.ApplicationRegistry     : New Application Application [id=d8742e39, name=SERVICE-ZUUL, managementUrl=http://120.77.215.210:8769, healthUrl=http://120.77.215.210:8769/health, serviceUrl=http://120.77.215.210:8769] registered 
2018-06-04 19:38:00.481  INFO 16956 --- [main] d.c.b.a.registry.ApplicationRegistry     : New Application Application [id=500d82b3, name=ZIPKIN-SERVER, managementUrl=http://120.79.138.57:9411, healthUrl=http://120.79.138.57:9411/health, serviceUrl=http://120.79.138.57:9411] registered 
2018-06-04 19:38:00.488  INFO 16956 --- [main] d.c.b.a.registry.ApplicationRegistry     : New Application Application [id=af4dd5ba, name=SERVICE-TURBINE, managementUrl=http://120.77.215.210:8771, healthUrl=http://120.77.215.210:8771/health, serviceUrl=http://120.77.215.210:8771] registered 
2018-06-04 19:38:00.492  INFO 16956 --- [main] d.c.b.a.registry.ApplicationRegistry     : New Application Application [id=bb281e62, name=SERVICE-RIBBON, managementUrl=http://120.79.138.57:8764, healthUrl=http://120.79.138.57:8764/health, serviceUrl=http://120.79.138.57:8764] registered 
2018-06-04 19:38:00.509  INFO 16956 --- [main] d.c.b.a.registry.ApplicationRegistry     : New Application Application [id=4b00b5fa, name=SERVER-HI, managementUrl=http://120.77.215.210:8763, healthUrl=http://120.77.215.210:8763/health, serviceUrl=http://120.77.215.210:8763] registered 
2018-06-04 19:38:00.517  INFO 16956 --- [main] d.c.b.a.registry.ApplicationRegistry     : New Application Application [id=e4dc86f0, name=CONFIG-SERVER, managementUrl=http://39.108.158.254:8888, healthUrl=http://39.108.158.254:8888/health, serviceUrl=http://39.108.158.254:8888] registered 
2018-06-04 19:38:00.537  INFO 16956 --- [main] d.c.b.a.registry.ApplicationRegistry     : New Application Application [id=3a83351c, name=ADMIN-SERVER, managementUrl=http://120.79.138.57:8000, healthUrl=http://120.79.138.57:8000/health, serviceUrl=http://120.79.138.57:8000] registered 
2018-06-04 19:38:00.551  INFO 16956 --- [main] c.hfz.hfzadmin.HfzadminApplicationTests  : Started HfzadminApplicationTests in 36.242 seconds (JVM running for 38.215)
2018-06-04 19:38:00.976  INFO 16956 --- [Thread-10] o.s.w.c.s.GenericWebApplicationContext   : Closing org.springframework.web.context.support.GenericWebApplicationContext@7fb9f71f: startup date [Mon Jun 04 19:37:28 CST 2018]; parent: org.springframework.context.annotation.AnnotationConfigApplicationContext@1c9b0314
2018-06-04 19:38:00.977  INFO 16956 --- [Thread-10] o.s.c.n.e.s.EurekaServiceRegistry        : Unregistering application admin-server with eureka with status DOWN
2018-06-04 19:38:00.978  WARN 16956 --- [Thread-10] com.netflix.discovery.DiscoveryClient    : Saw local status change event StatusChangeEvent [timestamp=1528112280978, current=DOWN, previous=STARTING]
2018-06-04 19:38:00.979  INFO 16956 --- [Thread-10] com.netflix.discovery.DiscoveryClient    : Shutting down DiscoveryClient ...
2018-06-04 19:38:00.981  INFO 16956 --- [DiscoveryClient-InstanceInfoReplicator-0] com.netflix.discovery.DiscoveryClient    : DiscoveryClient_ADMIN-SERVER/DESKTOP-A5TTB59:admin-server:-1: registering service...
2018-06-04 19:38:00.981  INFO 16956 --- [Thread-10] com.netflix.discovery.DiscoveryClient    : Unregistering ...
2018-06-04 19:38:01.034  INFO 16956 --- [Thread-10] com.netflix.discovery.DiscoveryClient    : DiscoveryClient_ADMIN-SERVER/DESKTOP-A5TTB59:admin-server:-1 - deregister  status: 404
2018-06-04 19:38:01.041  INFO 16956 --- [Thread-10] com.netflix.discovery.DiscoveryClient    : Completed shut down of DiscoveryClient
2018-06-04 19:38:01.045  INFO 16956 --- [Thread-10] o.s.c.support.DefaultLifecycleProcessor  : Stopping beans in phase 2147483647
2018-06-04 19:38:01.047  INFO 16956 --- [Thread-10] o.s.c.support.DefaultLifecycleProcessor  : Stopping beans in phase 0
2018-06-04 19:38:01.048  INFO 16956 --- [Thread-10] o.s.s.c.ThreadPoolTaskScheduler          : Shutting down ExecutorService 'updateTaskScheduler'
2018-06-04 19:38:01.048  INFO 16956 --- [Thread-10] o.s.c.n.zuul.ZuulFilterInitializer       : Stopping filter initializer
2018-06-04 19:38:01.076  WARN 16956 --- [Thread-10] c.n.c.sources.URLConfigurationSource     : No URLs will be polled as dynamic configuration sources.
2018-06-04 19:38:01.076  INFO 16956 --- [Thread-10] c.n.c.sources.URLConfigurationSource     : To enable URLs as dynamic configuration sources, define System property archaius.configurationSource.additionalUrls or make config.properties available on classpath.
